<?xml version="1.0" encoding="UTF-8"?>
<testng-results ignored="0" total="1" passed="1" failed="0" skipped="0">
  <reporter-output>
  </reporter-output>
  <suite started-at="2024-10-10T18:33:49 EDT" name="Default suite" finished-at="2024-10-10T18:33:51 EDT" duration-ms="2626">
    <groups>
    </groups>
    <test started-at="2024-10-10T18:33:49 EDT" name="Default test" finished-at="2024-10-10T18:33:51 EDT" duration-ms="2626">
      <class name="LearnSelenium">
        <test-method signature="dropdownTest()[pri:0, instance:LearnSelenium@3688eb5b]" started-at="2024-10-10T18:33:49 EDT" name="dropdownTest" finished-at="2024-10-10T18:33:51 EDT" duration-ms="2590" status="PASS">
          <reporter-output>
          </reporter-output>
        </test-method> <!-- dropdownTest -->
      </class> <!-- LearnSelenium -->
    </test> <!-- Default test -->
  </suite> <!-- Default suite -->
</testng-results>
